2026-01-15 22:48:51 - SyncServiceLogger - INFO - -----------------------------------------
2026-01-15 22:48:51 - SyncServiceLogger - INFO - --- Bybit to Notion Sync Service ---
2026-01-15 22:48:51 - SyncServiceLogger - INFO - -----------------------------------------
2026-01-15 22:48:51 - SyncServiceLogger - INFO - Initializing Bybit and Notion clients for sync...
2026-01-15 22:48:51 - SyncServiceLogger - INFO - Starting synchronization process...
2026-01-15 22:48:51 - SyncServiceLogger - INFO - Forcing start date to: 2026-01-01 00:00:00+00:00
2026-01-15 22:48:51 - SyncServiceLogger - WARNING - Note: Syncing main account only.
2026-01-15 22:48:51 - SyncServiceLogger - INFO - Fetching chunk from 2026-01-01 00:00:00+00:00 to 2026-01-07 23:59:59.999000+00:00
2026-01-15 22:48:52 - SyncServiceLogger - INFO - Fetching chunk from 2026-01-08 00:00:00+00:00 to 2026-01-14 23:59:59.999000+00:00
2026-01-15 22:48:54 - SyncServiceLogger - INFO - Fetching chunk from 2026-01-15 00:00:00+00:00 to 2026-01-15 14:48:51.243000+00:00
2026-01-15 22:48:55 - SyncServiceLogger - INFO - Total transactions retrieved: 198
2026-01-15 22:48:55 - SyncServiceLogger - INFO - Processed 68 records (PnL > 0.5) to be written to Notion.
2026-01-15 22:48:55 - SyncServiceLogger - INFO - Successfully created record in Notion for symbol: ETHUSDT
2026-01-15 22:48:56 - SyncServiceLogger - INFO - Successfully created record in Notion for symbol: BTCUSDT
2026-01-15 22:48:57 - SyncServiceLogger - INFO - Successfully created record in Notion for symbol: BTCUSDT
2026-01-15 22:48:58 - SyncServiceLogger - INFO - Successfully created record in Notion for symbol: BTCUSDT
2026-01-15 22:48:58 - SyncServiceLogger - INFO - Successfully created record in Notion for symbol: ZECUSDT
2026-01-15 22:49:04 - SyncServiceLogger - INFO - Successfully created record in Notion for symbol: ZECUSDT
2026-01-15 22:49:04 - SyncServiceLogger - INFO - Successfully created record in Notion for symbol: ZECUSDT
2026-01-15 22:49:05 - SyncServiceLogger - INFO - Successfully created record in Notion for symbol: ZECUSDT
2026-01-15 22:49:07 - SyncServiceLogger - INFO - Successfully created record in Notion for symbol: ZECUSDT
2026-01-15 22:49:08 - SyncServiceLogger - INFO - Successfully created record in Notion for symbol: ZECUSDT
2026-01-15 22:49:09 - SyncServiceLogger - INFO - Successfully created record in Notion for symbol: ZECUSDT
2026-01-15 22:49:10 - SyncServiceLogger - INFO - Successfully created record in Notion for symbol: ZECUSDT
2026-01-15 22:49:10 - SyncServiceLogger - INFO - Successfully created record in Notion for symbol: ZECUSDT
2026-01-15 22:49:12 - SyncServiceLogger - INFO - Successfully created record in Notion for symbol: ZECUSDT
2026-01-15 22:49:12 - SyncServiceLogger - INFO - Successfully created record in Notion for symbol: ZECUSDT
2026-01-15 22:49:13 - SyncServiceLogger - INFO - Successfully created record in Notion for symbol: ZECUSDT
2026-01-15 22:49:14 - SyncServiceLogger - INFO - Successfully created record in Notion for symbol: ZECUSDT
2026-01-15 22:49:15 - SyncServiceLogger - INFO - Successfully created record in Notion for symbol: ZECUSDT
2026-01-15 22:49:16 - SyncServiceLogger - INFO - Successfully created record in Notion for symbol: ZECUSDT
2026-01-15 22:49:17 - SyncServiceLogger - INFO - Successfully created record in Notion for symbol: ZECUSDT
2026-01-15 22:49:17 - SyncServiceLogger - INFO - Successfully created record in Notion for symbol: ZECUSDT
2026-01-15 22:49:19 - SyncServiceLogger - INFO - Successfully created record in Notion for symbol: ZECUSDT
2026-01-15 22:49:22 - SyncServiceLogger - INFO - Successfully created record in Notion for symbol: ZECUSDT
2026-01-15 22:49:23 - SyncServiceLogger - INFO - Successfully created record in Notion for symbol: ZECUSDT
2026-01-15 22:49:24 - SyncServiceLogger - INFO - Successfully created record in Notion for symbol: ZECUSDT
2026-01-15 22:49:25 - SyncServiceLogger - INFO - Successfully created record in Notion for symbol: ZECUSDT
2026-01-15 22:49:26 - SyncServiceLogger - INFO - Successfully created record in Notion for symbol: ZECUSDT
2026-01-15 22:49:27 - SyncServiceLogger - INFO - Successfully created record in Notion for symbol: ZECUSDT
2026-01-15 22:49:28 - SyncServiceLogger - INFO - Successfully created record in Notion for symbol: ZECUSDT
2026-01-15 22:49:28 - SyncServiceLogger - INFO - Successfully created record in Notion for symbol: BTCUSDT
2026-01-15 22:49:29 - SyncServiceLogger - INFO - Successfully created record in Notion for symbol: BTCUSDT
2026-01-15 22:49:31 - SyncServiceLogger - INFO - Successfully created record in Notion for symbol: BTCUSDT
2026-01-15 22:49:32 - SyncServiceLogger - INFO - Successfully created record in Notion for symbol: BTCUSDT
2026-01-15 22:49:33 - SyncServiceLogger - INFO - Successfully created record in Notion for symbol: BTCUSDT
2026-01-15 22:49:34 - SyncServiceLogger - INFO - Successfully created record in Notion for symbol: BTCUSDT
2026-01-15 22:49:34 - SyncServiceLogger - INFO - Successfully created record in Notion for symbol: BTCUSDT
2026-01-15 22:49:35 - SyncServiceLogger - INFO - Successfully created record in Notion for symbol: BTCUSDT
2026-01-15 22:49:36 - SyncServiceLogger - INFO - Successfully created record in Notion for symbol: BTCUSDT
2026-01-15 22:49:37 - SyncServiceLogger - INFO - Successfully created record in Notion for symbol: BTCUSDT
2026-01-15 22:49:40 - SyncServiceLogger - INFO - Successfully created record in Notion for symbol: BTCUSDT
2026-01-15 22:49:40 - SyncServiceLogger - INFO - Successfully created record in Notion for symbol: BTCUSDT
2026-01-15 22:49:42 - SyncServiceLogger - INFO - Successfully created record in Notion for symbol: BTCUSDT
2026-01-15 22:49:42 - SyncServiceLogger - INFO - Successfully created record in Notion for symbol: KAITOUSDT
2026-01-15 22:49:43 - SyncServiceLogger - INFO - Successfully created record in Notion for symbol: KAITOUSDT
2026-01-15 22:49:44 - SyncServiceLogger - INFO - Successfully created record in Notion for symbol: KAITOUSDT
2026-01-15 22:49:45 - SyncServiceLogger - INFO - Successfully created record in Notion for symbol: KAITOUSDT
2026-01-15 22:49:46 - SyncServiceLogger - INFO - Successfully created record in Notion for symbol: KAITOUSDT
2026-01-15 22:49:47 - SyncServiceLogger - INFO - Successfully created record in Notion for symbol: KAITOUSDT
2026-01-15 22:49:47 - SyncServiceLogger - INFO - Successfully created record in Notion for symbol: KAITOUSDT
2026-01-15 22:49:48 - SyncServiceLogger - INFO - Successfully created record in Notion for symbol: KAITOUSDT
2026-01-15 22:49:49 - SyncServiceLogger - INFO - Successfully created record in Notion for symbol: KAITOUSDT
2026-01-15 22:49:50 - SyncServiceLogger - INFO - Successfully created record in Notion for symbol: KAITOUSDT
2026-01-15 22:49:51 - SyncServiceLogger - INFO - Successfully created record in Notion for symbol: KAITOUSDT
2026-01-15 22:49:52 - SyncServiceLogger - INFO - Successfully created record in Notion for symbol: KAITOUSDT
2026-01-15 22:49:52 - SyncServiceLogger - INFO - Successfully created record in Notion for symbol: KAITOUSDT
2026-01-15 22:49:53 - SyncServiceLogger - INFO - Successfully created record in Notion for symbol: KAITOUSDT
2026-01-15 22:49:54 - SyncServiceLogger - INFO - Successfully created record in Notion for symbol: KAITOUSDT
2026-01-15 22:49:55 - SyncServiceLogger - INFO - Successfully created record in Notion for symbol: KAITOUSDT
2026-01-15 22:49:56 - SyncServiceLogger - INFO - Successfully created record in Notion for symbol: KAITOUSDT
2026-01-15 22:49:57 - SyncServiceLogger - INFO - Successfully created record in Notion for symbol: KAITOUSDT
2026-01-15 22:49:58 - SyncServiceLogger - INFO - Successfully created record in Notion for symbol: KAITOUSDT
2026-01-15 22:49:59 - SyncServiceLogger - INFO - Successfully created record in Notion for symbol: KAITOUSDT
2026-01-15 22:50:00 - SyncServiceLogger - INFO - Successfully created record in Notion for symbol: BTCUSDT
2026-01-15 22:50:01 - SyncServiceLogger - INFO - Successfully created record in Notion for symbol: BTCUSDT
2026-01-15 22:50:07 - SyncServiceLogger - INFO - Successfully created record in Notion for symbol: BTCUSDT
2026-01-15 22:50:09 - SyncServiceLogger - INFO - Successfully created record in Notion for symbol: BTCUSDT
2026-01-15 22:50:10 - SyncServiceLogger - INFO - Successfully created record in Notion for symbol: BTCUSDT
2026-01-15 22:50:11 - SyncServiceLogger - INFO - Successfully created record in Notion for symbol: BTCUSDT
2026-01-15 22:50:11 - SyncServiceLogger - INFO - Synchronization process completed successfully.
2026-01-18 17:23:44 - SyncServiceLogger - INFO - -----------------------------------------
2026-01-18 17:23:44 - SyncServiceLogger - INFO - --- Bybit to Notion Sync Service ---
2026-01-18 17:23:44 - SyncServiceLogger - INFO - -----------------------------------------
2026-01-18 17:23:44 - SyncServiceLogger - INFO - Initializing Bybit and Notion clients for sync...
2026-01-18 17:23:44 - SyncServiceLogger - INFO - Starting synchronization process...
2026-01-18 17:23:45 - SyncServiceLogger - INFO - Last sync found at 2026-01-16 04:02:00+00:00. Starting from 2026-01-16 04:02:00.001000+00:00
2026-01-18 17:23:45 - SyncServiceLogger - WARNING - Note: Syncing main account only.
2026-01-18 17:23:45 - SyncServiceLogger - INFO - Fetching chunk from 2026-01-16 04:02:00.001000+00:00 to 2026-01-18 09:23:45.268000+00:00
2026-01-18 17:23:45 - SyncServiceLogger - INFO - Total transactions retrieved: 5
2026-01-18 17:23:45 - SyncServiceLogger - INFO - Processed 1 records (PnL > 0.5) to be written to Notion.
2026-01-18 17:23:46 - SyncServiceLogger - INFO - Skipped 1 duplicate records found in Notion.
2026-01-18 17:23:46 - SyncServiceLogger - INFO - No new unique records to create.
2026-01-18 17:23:46 - SyncServiceLogger - INFO - Synchronization process completed successfully.
2026-01-18 17:24:58 - SyncServiceLogger - INFO - -----------------------------------------
2026-01-18 17:24:58 - SyncServiceLogger - INFO - --- Bybit to Notion Sync Service ---
2026-01-18 17:24:58 - SyncServiceLogger - INFO - -----------------------------------------
2026-01-18 17:24:58 - SyncServiceLogger - INFO - Initializing Bybit and Notion clients for sync...
2026-01-18 17:24:59 - SyncServiceLogger - INFO - Starting synchronization process...
2026-01-18 17:24:59 - SyncServiceLogger - INFO - No previous sync found. Forcing start date to: 2026-01-01 00:00:00+00:00
2026-01-18 17:24:59 - SyncServiceLogger - WARNING - Note: Syncing main account only.
2026-01-18 17:24:59 - SyncServiceLogger - INFO - Fetching chunk from 2026-01-01 00:00:00+00:00 to 2026-01-07 23:59:59.999000+00:00
2026-01-18 17:25:00 - SyncServiceLogger - INFO - Fetching chunk from 2026-01-08 00:00:00+00:00 to 2026-01-14 23:59:59.999000+00:00
2026-01-18 17:25:02 - SyncServiceLogger - INFO - Fetching chunk from 2026-01-15 00:00:00+00:00 to 2026-01-18 09:24:59.377000+00:00
2026-01-18 17:25:03 - SyncServiceLogger - INFO - Total transactions retrieved: 205
2026-01-18 17:25:03 - SyncServiceLogger - INFO - Processed 13 records (PnL > 0.5) to be written to Notion.
2026-01-18 17:25:07 - SyncServiceLogger - INFO - Successfully created record in Notion for symbol: ETHUSDT
2026-01-18 17:25:08 - SyncServiceLogger - INFO - Successfully created record in Notion for symbol: BTCUSDT
2026-01-18 17:25:09 - SyncServiceLogger - INFO - Successfully created record in Notion for symbol: BTCUSDT
2026-01-18 17:25:11 - SyncServiceLogger - INFO - Successfully created record in Notion for symbol: ZECUSDT
2026-01-18 17:25:11 - SyncServiceLogger - INFO - Successfully created record in Notion for symbol: BTCUSDT
2026-01-18 17:25:12 - SyncServiceLogger - INFO - Successfully created record in Notion for symbol: BTCUSDT
2026-01-18 17:25:14 - SyncServiceLogger - INFO - Successfully created record in Notion for symbol: BTCUSDT
2026-01-18 17:25:16 - SyncServiceLogger - INFO - Successfully created record in Notion for symbol: BTCUSDT
2026-01-18 17:25:17 - SyncServiceLogger - INFO - Successfully created record in Notion for symbol: BTCUSDT
2026-01-18 17:25:22 - SyncServiceLogger - INFO - Successfully created record in Notion for symbol: BTCUSDT
2026-01-18 17:25:23 - SyncServiceLogger - INFO - Successfully created record in Notion for symbol: KAITOUSDT
2026-01-18 17:25:23 - SyncServiceLogger - INFO - Successfully created record in Notion for symbol: BTCUSDT
2026-01-18 17:25:24 - SyncServiceLogger - INFO - Successfully created record in Notion for symbol: BTCUSDT
2026-01-18 17:25:25 - SyncServiceLogger - INFO - Synchronization process completed successfully.
